<?xml version="1.0" encoding="UTF-8"?>
<robot generator="Robot 4.1.3 (Python 3.7.3 on win32)" generated="20220307 14:50:42.556" rpa="false" schemaversion="2">
<suite id="s1" name="Scenario2 POST" source="P:\Python\Dotin\Robotframework_API\TestCases\Scenario2_POST.robot">
<test id="s1-t1" name="Add User">
<kw name="Request" library="Resource_2">
<var>${response}</var>
<kw name="Load JSON From File" library="JSONLibrary">
<var>${json}</var>
<arg>${json_path}</arg>
<doc>Load JSON from file.</doc>
<msg timestamp="20220307 14:50:42.902" level="INFO">${json} = {'name': 'morpheus', 'job': 'leader'}</msg>
<status status="PASS" starttime="20220307 14:50:42.902" endtime="20220307 14:50:42.902"/>
</kw>
<kw name="POST Request" library="CommonFunctionality">
<var>${response}</var>
<arg>${base_url}</arg>
<arg>${url}</arg>
<arg>${json}</arg>
<kw name="Create Session" library="RequestsLibrary">
<arg>mysession</arg>
<arg>${base_url}</arg>
<doc>Create Session: create a HTTP session to a server</doc>
<msg timestamp="20220307 14:50:42.902" level="INFO">Creating Session using : alias=mysession, url=https://reqres.in, headers={},                     cookies={}, auth=None, timeout=None, proxies=None, verify=False,                     debug=0 </msg>
<status status="PASS" starttime="20220307 14:50:42.902" endtime="20220307 14:50:42.902"/>
</kw>
<kw name="Create Dictionary" library="BuiltIn">
<var>${header_req}</var>
<arg>Accept=application/json</arg>
<arg>Content-Type=application/json</arg>
<doc>Creates and returns a dictionary based on the given ``items``.</doc>
<msg timestamp="20220307 14:50:42.904" level="INFO">${header_req} = {'Accept': 'application/json', 'Content-Type': 'application/json'}</msg>
<status status="PASS" starttime="20220307 14:50:42.904" endtime="20220307 14:50:42.904"/>
</kw>
<kw name="POST On Session" library="RequestsLibrary">
<var>${response}</var>
<arg>mysession</arg>
<arg>${url}</arg>
<arg>json=${json}</arg>
<arg>headers=${header_req}</arg>
<arg>expected_status=anything</arg>
<doc>Sends a POST request on a previously created HTTP Session.</doc>
<msg timestamp="20220307 14:50:43.463" level="INFO">POST Request : url=https://reqres.in/api/users 
 path_url=/api/users 
 headers={'User-Agent': 'python-requests/2.26.0', 'Accept-Encoding': 'gzip, deflate', 'Accept': 'application/json', 'Connection': 'keep-alive', 'Content-Type': 'application/json', 'Content-Length': '37'} 
 body=b'{"name": "morpheus", "job": "leader"}' 
 </msg>
<msg timestamp="20220307 14:50:43.463" level="INFO">POST Response : url=https://reqres.in/api/users 
 status=201, reason=Created 
 headers={'Date': 'Mon, 07 Mar 2022 11:20:43 GMT', 'Content-Type': 'application/json; charset=utf-8', 'Content-Length': '83', 'Connection': 'keep-alive', 'X-Powered-By': 'Express', 'Access-Control-Allow-Origin': '*', 'Etag': 'W/"53-Rtj3OkuW+yyKVbuXhm1RwNDqMqY"', 'Via': '1.1 vegur', 'CF-Cache-Status': 'DYNAMIC', 'Expect-CT': 'max-age=604800, report-uri="https://report-uri.cloudflare.com/cdn-cgi/beacon/expect-ct"', 'Report-To': '{"endpoints":[{"url":"https:\\/\\/a.nel.cloudflare.com\\/report\\/v3?s=Rx%2Bd0VgVbrm5YINs75GJU8Xs1ywhwEiIe8Znv%2Bsx2YU5EY4wxgZJ%2B4IaQx9CNdzSkEmaUEXahUOWniFleMaPZ5VoIubigG6Dunw7Kz09DPhISDoBHsxC%2BiTN2fY%3D"}],"group":"cf-nel","max_age":604800}', 'NEL': '{"success_fraction":0,"report_to":"cf-nel","max_age":604800}', 'Server': 'cloudflare', 'CF-RAY': '6e82f1863fd691e1-FRA', 'alt-svc': 'h3=":443"; ma=86400, h3-29=":443"; ma=86400'} 
 body={"name":"morpheus","job":"leader","id":"96","createdAt":"2022-03-07T11:20:43.288Z"} 
 </msg>
<msg timestamp="20220307 14:50:43.463" level="INFO">c:\users\mohammad\appdata\local\programs\python\python37\lib\site-packages\urllib3\connectionpool.py:1020: InsecureRequestWarning: Unverified HTTPS request is being made to host 'reqres.in'. Adding certificate verification is strongly advised. See: https://urllib3.readthedocs.io/en/1.26.x/advanced-usage.html#ssl-warnings
  InsecureRequestWarning,</msg>
<msg timestamp="20220307 14:50:43.464" level="INFO">${response} = &lt;Response [201]&gt;</msg>
<status status="PASS" starttime="20220307 14:50:42.904" endtime="20220307 14:50:43.464"/>
</kw>
<msg timestamp="20220307 14:50:43.464" level="INFO">${response} = &lt;Response [201]&gt;</msg>
<status status="PASS" starttime="20220307 14:50:42.902" endtime="20220307 14:50:43.464"/>
</kw>
<msg timestamp="20220307 14:50:43.464" level="INFO">${response} = &lt;Response [201]&gt;</msg>
<status status="PASS" starttime="20220307 14:50:42.900" endtime="20220307 14:50:43.464"/>
</kw>
<kw name="Get Data" library="Resource_2">
<var>${key_name}</var>
<var>${key_job}</var>
<arg>${response}</arg>
<kw name="Set Variable" library="BuiltIn">
<var>${body_res}</var>
<arg>${response.json()}</arg>
<doc>Returns the given values which can then be assigned to a variables.</doc>
<msg timestamp="20220307 14:50:43.466" level="INFO">${body_res} = {'name': 'morpheus', 'job': 'leader', 'id': '96', 'createdAt': '2022-03-07T11:20:43.288Z'}</msg>
<status status="PASS" starttime="20220307 14:50:43.465" endtime="20220307 14:50:43.466"/>
</kw>
<kw name="Log" library="BuiltIn">
<arg>${body_res}</arg>
<doc>Logs the given message with the given level.</doc>
<msg timestamp="20220307 14:50:43.466" level="INFO">{'name': 'morpheus', 'job': 'leader', 'id': '96', 'createdAt': '2022-03-07T11:20:43.288Z'}</msg>
<status status="PASS" starttime="20220307 14:50:43.466" endtime="20220307 14:50:43.466"/>
</kw>
<kw name="Get Value From Json" library="JSONLibrary">
<var>${key_name}</var>
<arg>${body_res}</arg>
<arg>${name_path}</arg>
<doc>Get Value From JSON using JSONPath</doc>
<msg timestamp="20220307 14:50:43.491" level="INFO">${key_name} = ['morpheus']</msg>
<status status="PASS" starttime="20220307 14:50:43.466" endtime="20220307 14:50:43.491"/>
</kw>
<kw name="Get Value From Json" library="JSONLibrary">
<var>${key_job}</var>
<arg>${body_res}</arg>
<arg>${job_path}</arg>
<doc>Get Value From JSON using JSONPath</doc>
<msg timestamp="20220307 14:50:43.523" level="INFO">${key_job} = ['leader']</msg>
<status status="PASS" starttime="20220307 14:50:43.491" endtime="20220307 14:50:43.523"/>
</kw>
<msg timestamp="20220307 14:50:43.524" level="INFO">${key_name} = morpheus</msg>
<msg timestamp="20220307 14:50:43.524" level="INFO">${key_job} = leader</msg>
<status status="PASS" starttime="20220307 14:50:43.465" endtime="20220307 14:50:43.524"/>
</kw>
<kw name="Status Should Be" library="RequestsLibrary">
<arg>201</arg>
<arg>${response}</arg>
<doc>Fails if response status code is different than the expected.</doc>
<status status="PASS" starttime="20220307 14:50:43.525" endtime="20220307 14:50:43.525"/>
</kw>
<kw name="Should Be Equal" library="BuiltIn">
<arg>${key_name}</arg>
<arg>${name}</arg>
<doc>Fails if the given objects are unequal.</doc>
<status status="PASS" starttime="20220307 14:50:43.526" endtime="20220307 14:50:43.526"/>
</kw>
<kw name="Should Be Equal" library="BuiltIn">
<arg>${key_job}</arg>
<arg>${job}</arg>
<doc>Fails if the given objects are unequal.</doc>
<status status="PASS" starttime="20220307 14:50:43.527" endtime="20220307 14:50:43.527"/>
</kw>
<tag>POST</tag>
<status status="PASS" starttime="20220307 14:50:42.900" endtime="20220307 14:50:43.527"/>
</test>
<doc>Add User Without Email To reqres.in</doc>
<status status="PASS" starttime="20220307 14:50:42.558" endtime="20220307 14:50:43.530"/>
</suite>
<statistics>
<total>
<stat pass="1" fail="0" skip="0">All Tests</stat>
</total>
<tag>
<stat pass="1" fail="0" skip="0">POST</stat>
</tag>
<suite>
<stat pass="1" fail="0" skip="0" id="s1" name="Scenario2 POST">Scenario2 POST</stat>
</suite>
</statistics>
<errors>
</errors>
</robot>
