<?xml version="1.0" encoding="UTF-8"?>
<robot generator="Robot 4.1.3 (Python 3.7.3 on win32)" generated="20220302 19:42:57.700" rpa="false" schemaversion="2">
<suite id="s1" name="Scenario4 POST" source="P:\Python\Dotin\Robotframework_API\TestCases\Scenario4_POST.robot">
<test id="s1-t1" name="Add User">
<kw name="Request" library="Resource_4">
<var>${response}</var>
<arg>${name}</arg>
<arg>${job}</arg>
<arg>${email}</arg>
<kw name="Create Dictionary" library="BuiltIn">
<var>${body}</var>
<arg>name=${name}</arg>
<arg>job=${job}, email=${email}</arg>
<doc>Creates and returns a dictionary based on the given ``items``.</doc>
<msg timestamp="20220302 19:42:58.032" level="INFO">${body} = {'name': 'david', 'job': 'leader, email=david@gmail.com'}</msg>
<status status="PASS" starttime="20220302 19:42:58.031" endtime="20220302 19:42:58.032"/>
</kw>
<kw name="POST Request" library="CommonFunctionality">
<var>${response}</var>
<arg>${base_url}</arg>
<arg>${url}</arg>
<arg>${body}</arg>
<kw name="Create Session" library="RequestsLibrary">
<arg>mysession</arg>
<arg>${base_url}</arg>
<doc>Create Session: create a HTTP session to a server</doc>
<msg timestamp="20220302 19:42:58.033" level="INFO">Creating Session using : alias=mysession, url=https://reqres.in, headers={},                     cookies={}, auth=None, timeout=None, proxies=None, verify=False,                     debug=0 </msg>
<status status="PASS" starttime="20220302 19:42:58.033" endtime="20220302 19:42:58.033"/>
</kw>
<kw name="Create Dictionary" library="BuiltIn">
<var>${header_req}</var>
<arg>Accept=application/json</arg>
<arg>Content-Type=application/json</arg>
<doc>Creates and returns a dictionary based on the given ``items``.</doc>
<msg timestamp="20220302 19:42:58.033" level="INFO">${header_req} = {'Accept': 'application/json', 'Content-Type': 'application/json'}</msg>
<status status="PASS" starttime="20220302 19:42:58.033" endtime="20220302 19:42:58.033"/>
</kw>
<kw name="POST On Session" library="RequestsLibrary">
<var>${response}</var>
<arg>mysession</arg>
<arg>${url}</arg>
<arg>json=${body}</arg>
<arg>headers=${header_req}</arg>
<arg>expected_status=anything</arg>
<doc>Sends a POST request on a previously created HTTP Session.</doc>
<msg timestamp="20220302 19:42:59.329" level="INFO">POST Request : url=https://reqres.in/api/users 
 path_url=/api/users 
 headers={'User-Agent': 'python-requests/2.26.0', 'Accept-Encoding': 'gzip, deflate', 'Accept': 'application/json', 'Connection': 'keep-alive', 'Content-Type': 'application/json', 'Content-Length': '57'} 
 body=b'{"name": "david", "job": "leader, email=david@gmail.com"}' 
 </msg>
<msg timestamp="20220302 19:42:59.329" level="INFO">POST Response : url=https://reqres.in/api/users 
 status=201, reason=Created 
 headers={'Date': 'Wed, 02 Mar 2022 16:12:59 GMT', 'Content-Type': 'application/json; charset=utf-8', 'Content-Length': '104', 'Connection': 'keep-alive', 'X-Powered-By': 'Express', 'Access-Control-Allow-Origin': '*', 'Etag': 'W/"68-fPGiT+dTOFJkF/K3Fp1E1yjRi74"', 'Via': '1.1 vegur', 'CF-Cache-Status': 'DYNAMIC', 'Expect-CT': 'max-age=604800, report-uri="https://report-uri.cloudflare.com/cdn-cgi/beacon/expect-ct"', 'Report-To': '{"endpoints":[{"url":"https:\\/\\/a.nel.cloudflare.com\\/report\\/v3?s=ZetBayO38jZJXWNfbh5NOtQ%2BmLpRlmK6KC4FRLS%2B2hPHruyYpHKSg%2BZc8xbZDS7eRnBrBy%2B8Fc3qb%2FMfsa7hQZevLRKUdD5xw5tzC2l2hl7cL2lQinyc%2B%2BSwlys%3D"}],"group":"cf-nel","max_age":604800}', 'NEL': '{"success_fraction":0,"report_to":"cf-nel","max_age":604800}', 'Server': 'cloudflare', 'CF-RAY': '6e5b6ac6c8b877f5-VIE', 'alt-svc': 'h3=":443"; ma=86400, h3-29=":443"; ma=86400'} 
 body={"name":"david","job":"leader, email=david@gmail.com","id":"264","createdAt":"2022-03-02T16:12:59.417Z"} 
 </msg>
<msg timestamp="20220302 19:42:59.329" level="INFO">c:\users\mohammad\appdata\local\programs\python\python37\lib\site-packages\urllib3\connectionpool.py:1020: InsecureRequestWarning: Unverified HTTPS request is being made to host 'reqres.in'. Adding certificate verification is strongly advised. See: https://urllib3.readthedocs.io/en/1.26.x/advanced-usage.html#ssl-warnings
  InsecureRequestWarning,</msg>
<msg timestamp="20220302 19:42:59.329" level="INFO">${response} = &lt;Response [201]&gt;</msg>
<status status="PASS" starttime="20220302 19:42:58.033" endtime="20220302 19:42:59.329"/>
</kw>
<msg timestamp="20220302 19:42:59.330" level="INFO">${response} = &lt;Response [201]&gt;</msg>
<status status="PASS" starttime="20220302 19:42:58.032" endtime="20220302 19:42:59.330"/>
</kw>
<msg timestamp="20220302 19:42:59.330" level="INFO">${response} = &lt;Response [201]&gt;</msg>
<status status="PASS" starttime="20220302 19:42:58.031" endtime="20220302 19:42:59.330"/>
</kw>
<kw name="Get Data" library="Resource_4">
<var>${key_name}</var>
<var>${key_email}</var>
<var>${key_id}</var>
<var>${key_id}</var>
<var>${createdAt}</var>
<arg>${response}</arg>
<kw name="Set Variable" library="BuiltIn">
<var>${body_res}</var>
<arg>${response.json()}</arg>
<doc>Returns the given values which can then be assigned to a variables.</doc>
<msg timestamp="20220302 19:42:59.332" level="INFO">${body_res} = {'name': 'david', 'job': 'leader, email=david@gmail.com', 'id': '264', 'createdAt': '2022-03-02T16:12:59.417Z'}</msg>
<status status="PASS" starttime="20220302 19:42:59.331" endtime="20220302 19:42:59.332"/>
</kw>
<kw name="Get Value From Json" library="JSONLibrary">
<var>${key_name}</var>
<arg>${body_res}</arg>
<arg>${name_path}</arg>
<doc>Get Value From JSON using JSONPath</doc>
<msg timestamp="20220302 19:42:59.356" level="INFO">${key_name} = ['david']</msg>
<status status="PASS" starttime="20220302 19:42:59.332" endtime="20220302 19:42:59.356"/>
</kw>
<kw name="Get Value From Json" library="JSONLibrary">
<var>${key_job}</var>
<arg>${body_res}</arg>
<arg>${job_path}</arg>
<doc>Get Value From JSON using JSONPath</doc>
<msg timestamp="20220302 19:42:59.385" level="INFO">${key_job} = ['leader, email=david@gmail.com']</msg>
<status status="PASS" starttime="20220302 19:42:59.356" endtime="20220302 19:42:59.385"/>
</kw>
<kw name="Get Email" library="Functions">
<var>${key_job}</var>
<var>${key_email}</var>
<arg>${key_job[0]}</arg>
<msg timestamp="20220302 19:42:59.386" level="INFO">${key_job} = leader</msg>
<msg timestamp="20220302 19:42:59.386" level="INFO">${key_email} = david@gmail.com</msg>
<status status="PASS" starttime="20220302 19:42:59.385" endtime="20220302 19:42:59.386"/>
</kw>
<kw name="Get Value From Json" library="JSONLibrary">
<var>${key_id}</var>
<arg>${body_res}</arg>
<arg>${id_path}</arg>
<doc>Get Value From JSON using JSONPath</doc>
<msg timestamp="20220302 19:42:59.407" level="INFO">${key_id} = ['264']</msg>
<status status="PASS" starttime="20220302 19:42:59.386" endtime="20220302 19:42:59.407"/>
</kw>
<kw name="Get Value From Json" library="JSONLibrary">
<var>${key_createdAt}</var>
<arg>${body_res}</arg>
<arg>${time_path}</arg>
<doc>Get Value From JSON using JSONPath</doc>
<msg timestamp="20220302 19:42:59.429" level="INFO">${key_createdAt} = ['2022-03-02T16:12:59.417Z']</msg>
<status status="PASS" starttime="20220302 19:42:59.407" endtime="20220302 19:42:59.429"/>
</kw>
<kw name="Convert To Jdatetime" library="Functions">
<var>${createdAt}</var>
<arg>${key_createdAt[0]}</arg>
<msg timestamp="20220302 19:42:59.430" level="INFO">${createdAt} = 1400-12-11T16:12:59.417000Z</msg>
<status status="PASS" starttime="20220302 19:42:59.429" endtime="20220302 19:42:59.430"/>
</kw>
<msg timestamp="20220302 19:42:59.432" level="INFO">${key_name} = david</msg>
<msg timestamp="20220302 19:42:59.432" level="INFO">${key_email} = david@gmail.com</msg>
<msg timestamp="20220302 19:42:59.432" level="INFO">${key_id} = 264</msg>
<msg timestamp="20220302 19:42:59.432" level="INFO">${key_id} = 264</msg>
<msg timestamp="20220302 19:42:59.432" level="INFO">${createdAt} = 1400-12-11T16:12:59.417000Z</msg>
<status status="PASS" starttime="20220302 19:42:59.331" endtime="20220302 19:42:59.432"/>
</kw>
<kw name="Status Should Be" library="RequestsLibrary">
<arg>201</arg>
<arg>${response}</arg>
<doc>Fails if response status code is different than the expected.</doc>
<status status="PASS" starttime="20220302 19:42:59.433" endtime="20220302 19:42:59.433"/>
</kw>
<kw name="Should Be Equal" library="BuiltIn">
<arg>${key_name}</arg>
<arg>${name}</arg>
<doc>Fails if the given objects are unequal.</doc>
<status status="PASS" starttime="20220302 19:42:59.434" endtime="20220302 19:42:59.434"/>
</kw>
<kw name="Should Be Equal" library="BuiltIn">
<arg>${key_email}</arg>
<arg>${email}</arg>
<doc>Fails if the given objects are unequal.</doc>
<status status="PASS" starttime="20220302 19:42:59.434" endtime="20220302 19:42:59.435"/>
</kw>
<kw name="Length Should Be" library="BuiltIn">
<arg>${key_id}</arg>
<arg>3</arg>
<doc>Verifies that the length of the given item is correct.</doc>
<msg timestamp="20220302 19:42:59.435" level="INFO">Length is 3</msg>
<status status="PASS" starttime="20220302 19:42:59.435" endtime="20220302 19:42:59.435"/>
</kw>
<kw name="Convert To Integer" library="BuiltIn">
<arg>${key_id}</arg>
<doc>Converts the given item to an integer number.</doc>
<status status="PASS" starttime="20220302 19:42:59.436" endtime="20220302 19:42:59.436"/>
</kw>
<kw name="Log To Console" library="BuiltIn">
<arg>output: ${createdAt}</arg>
<doc>Logs the given message to the console.</doc>
<status status="PASS" starttime="20220302 19:42:59.437" endtime="20220302 19:42:59.437"/>
</kw>
<kw name="Log" library="BuiltIn">
<arg>output: ${createdAt}</arg>
<doc>Logs the given message with the given level.</doc>
<msg timestamp="20220302 19:42:59.438" level="INFO">output: 1400-12-11T16:12:59.417000Z</msg>
<status status="PASS" starttime="20220302 19:42:59.438" endtime="20220302 19:42:59.438"/>
</kw>
<tag>POST</tag>
<status status="PASS" starttime="20220302 19:42:58.030" endtime="20220302 19:42:59.439"/>
</test>
<doc>Add User To reqres.in</doc>
<status status="PASS" starttime="20220302 19:42:57.702" endtime="20220302 19:42:59.440"/>
</suite>
<statistics>
<total>
<stat pass="1" fail="0" skip="0">All Tests</stat>
</total>
<tag>
<stat pass="1" fail="0" skip="0">POST</stat>
</tag>
<suite>
<stat pass="1" fail="0" skip="0" id="s1" name="Scenario4 POST">Scenario4 POST</stat>
</suite>
</statistics>
<errors>
</errors>
</robot>
